0001_0078_0228_0415_0415.jpg 1 78 228 415 415
0002_0094_0569_0233_0233.jpg 1 94 569 233 233
0003_0159_0225_0324_0324.jpg 1 159 225 324 324
0004_0104_0136_0386_0386.jpg 1 104 136 386 386
0005_0114_0535_0307_0307.jpg 1 114 535 307 307
0006_0270_0115_0283_0283.jpg 1 270 115 283 283
0007_0091_0565_0462_0462.jpg 1 91 565 462 462
0008_0404_0715_0132_0132.jpg 1 404 715 132 132
0009_0165_0383_0450_0450.jpg 1 165 383 450 450
0010_0212_0481_0424_0424.jpg 1 212 481 424 424
0011_0126_0544_0352_0352.jpg 1 126 544 352 352
0012_0100_0525_0356_0356.jpg 1 100 525 356 356
0013_0362_0593_0051_0051.jpg 1 362 593 51 51
0014_0252_0188_0128_0128.jpg 1 252 188 128 128
0015_0344_0229_0232_0232.jpg 1 344 229 232 232
0016_0291_0672_0124_0124.jpg 1 291 672 124 124
0017_0126_0139_0498_0498.jpg 1 126 139 498 498
0018_0086_0427_0399_0399.jpg 1 86 427 399 399
0019_0274_0738_0115_0115.jpg 1 274 738 115 115
0020_0178_0319_0492_0492.jpg 1 178 319 492 492
0021_0056_0658_0443_0443.jpg 1 56 658 443 443
0022_0323_0186_0140_0140.jpg 1 323 186 140 140
0023_0117_0324_0266_0266.jpg 1 117 324 266 266
0024_0095_0628_0480_0480.jpg 1 95 628 480 480
0025_0077_0629_0443_0443.jpg 1 77 629 443 443
0026_0081_0349_0450_0450.jpg 1 81 349 450 450
0027_0094_0168_0080_0080.jpg 1 94 168 80 80
0028_0103_0245_0456_0456.jpg 1 103 245 456 456
0029_0139_0673_0422_0422.jpg 1 139 673 422 422
0030_0146_0177_0316_0316.jpg 1 146 177 316 316
0031_0191_0316_0474_0474.jpg 1 191 316 474 474
0032_0139_0541_0382_0382.jpg 1 139 541 382 382
0033_0144_0097_0448_0448.jpg 1 144 97 448 448
0034_0302_0779_0300_0300.jpg 1 302 779 300 300
0035_0365_0742_0213_0213.jpg 1 365 742 213 213
0036_0122_0340_0453_0453.jpg 1 122 340 453 453
0037_0100_0318_0396_0396.jpg 1 100 318 396 396
0038_0163_0442_0443_0443.jpg 1 163 442 443 443
0039_0190_0447_0334_0334.jpg 1 190 447 334 334
0040_0084_0251_0101_0101.jpg 1 84 251 101 101
0041_0310_0291_0301_0301.jpg 1 310 291 301 301
0042_0068_0183_0361_0361.jpg 1 68 183 361 361
0043_0121_0161_0143_0143.jpg 1 121 161 143 143
0044_0168_0114_0377_0377.jpg 1 168 114 377 377
0045_0079_0558_0300_0300.jpg 1 79 558 300 300
0046_0079_0742_0252_0252.jpg 1 79 742 252 252
0047_0099_0475_0487_0487.jpg 1 99 475 487 487
0048_0411_0448_0114_0114.jpg 1 411 448 114 114
0049_0451_0950_0050_0050.jpg 1 451 950 50 50
0050_0253_0679_0340_0340.jpg 1 253 679 340 340
0051_0090_0644_0060_0060.jpg 1 90 644 60 60
0052_0356_0160_0194_0194.jpg 1 356 160 194 194
0053_0075_0323_0179_0179.jpg 1 75 323 179 179
0054_0132_0464_0291_0291.jpg 1 132 464 291 291
0055_0259_0288_0377_0377.jpg 1 259 288 377 377
0056_0205_0273_0207_0207.jpg 1 205 273 207 207
0057_0207_0360_0360_0360.jpg 1 207 360 360 360
0058_0201_0700_0099_0099.jpg 1 201 700 99 99
0059_0217_0826_0126_0126.jpg 1 217 826 126 126
0060_0311_0274_0263_0263.jpg 1 311 274 263 263
0061_0190_0357_0465_0465.jpg 1 190 357 465 465
0062_0065_0784_0070_0070.jpg 1 65 784 70 70
0063_0336_0316_0136_0136.jpg 1 336 316 136 136
0064_0173_0501_0270_0270.jpg 1 173 501 270 270
0065_0157_0737_0303_0303.jpg 1 157 737 303 303
0066_0244_0201_0409_0409.jpg 1 244 201 409 409
0067_0164_0180_0334_0334.jpg 1 164 180 334 334
0068_0131_0488_0081_0081.jpg 1 131 488 81 81
0069_0192_0788_0059_0059.jpg 1 192 788 59 59
0070_0431_0491_0113_0113.jpg 1 431 491 113 113
0071_0196_0701_0302_0302.jpg 1 196 701 302 302
0072_0179_0574_0477_0477.jpg 1 179 574 477 477
0073_0121_0541_0283_0283.jpg 1 121 541 283 283
0074_0129_0170_0416_0416.jpg 1 129 170 416 416
0075_0171_0281_0425_0425.jpg 1 171 281 425 425
0076_0070_0410_0493_0493.jpg 1 70 410 493 493
0077_0051_0492_0431_0431.jpg 1 51 492 431 431
0078_0371_0189_0227_0227.jpg 1 371 189 227 227
0079_0032_0588_0471_0471.jpg 1 32 588 471 471
0080_0429_0232_0165_0165.jpg 1 429 232 165 165
0081_0111_0867_0172_0172.jpg 1 111 867 172 172
0082_0078_0538_0461_0461.jpg 1 78 538 461 461
0083_0110_0344_0166_0166.jpg 1 110 344 166 166
0084_0193_0634_0460_0460.jpg 1 193 634 460 460
0085_0331_0163_0274_0274.jpg 1 331 163 274 274
0086_0050_0471_0336_0336.jpg 1 50 471 336 336
0087_0408_0684_0164_0164.jpg 1 408 684 164 164
0088_0156_0569_0101_0101.jpg 1 156 569 101 101
0089_0294_0531_0290_0290.jpg 1 294 531 290 290
0090_0122_0472_0419_0419.jpg 1 122 472 419 419
0091_0202_0536_0268_0268.jpg 1 202 536 268 268
0092_0188_0199_0266_0266.jpg 1 188 199 266 266
0093_0184_0446_0414_0414.jpg 1 184 446 414 414
0094_0231_0367_0339_0339.jpg 1 231 367 339 339
0095_0274_0295_0370_0370.jpg 1 274 295 370 370
0096_0089_0254_0357_0357.jpg 1 89 254 357 357
0097_0174_0454_0440_0440.jpg 1 174 454 440 440
0098_0071_0382_0491_0491.jpg 1 71 382 491 491
0099_0169_0738_0201_0201.jpg 1 169 738 201 201
0100_0156_0501_0253_0253.jpg 1 156 501 253 253
